<?xml version="1.0" encoding="UTF-8"?>
<!-- Generated by org.testng.reporters.JUnitReportReporter -->
<testsuite hostname="MSI" failures="0" tests="1" name="pPack.DemoTestOne" time="4.507" errors="0" timestamp="2023-01-13T07:45:48 IST" skipped="0">
  <testcase classname="pPack.DemoTestOne" name="sampleTest" time="4.507"/>
  <system-out/>
</testsuite> <!-- pPack.DemoTestOne -->
