<?xml version="1.0" encoding="UTF-8"?>
<!-- Generated by org.testng.reporters.JUnitReportReporter -->
<testsuite hostname="MSI" failures="0" tests="3" name="pPack.DemoTwoTest" time="0.009" errors="0" timestamp="2023-01-13T08:34:54 IST" skipped="0">
  <testcase classname="pPack.DemoTwoTest" name="mTwo" time="0.001"/>
  <system-out/>
  <testcase classname="pPack.DemoTwoTest" name="mTwo" time="0.001"/>
  <system-out/>
  <testcase classname="pPack.DemoTwoTest" name="mTwo" time="0.007"/>
  <system-out/>
</testsuite> <!-- pPack.DemoTwoTest -->
