<?xml version="1.0" encoding="UTF-8"?>
<!-- Generated by org.testng.reporters.JUnitReportReporter -->
<testsuite hostname="MSI" failures="0" tests="1" name="pPack.DemoOneTest" time="5.183" errors="0" timestamp="2023-01-24T07:46:56 IST" skipped="0">
  <testcase classname="pPack.DemoOneTest" name="sampleTest" time="5.183"/>
  <system-out/>
</testsuite> <!-- pPack.DemoOneTest -->
