<?xml version="1.0" encoding="UTF-8"?>
<!-- Generated by org.testng.reporters.JUnitReportReporter -->
<testsuite hostname="MSI" failures="0" tests="1" name="pPack.DemoThreeTest" time="0.000" errors="0" timestamp="2023-01-24T07:46:56 IST" skipped="0">
  <testcase classname="pPack.DemoThreeTest" name="mThree" time="0.000"/>
  <system-out/>
</testsuite> <!-- pPack.DemoThreeTest -->
